{
  "stats": {
    "suites": 2,
    "tests": 7,
    "passes": 7,
    "pending": 0,
    "failures": 0,
    "start": "2018-04-27T14:32:03.287Z",
    "end": "2018-04-27T14:32:04.965Z",
    "duration": 1678,
    "testsRegistered": 7,
    "passPercent": 100,
    "pendingPercent": 0,
    "other": 0,
    "hasOther": false,
    "skipped": 0,
    "hasSkipped": false,
    "passPercentClass": "success",
    "pendingPercentClass": "danger"
  },
  "suites": {
    "uuid": "858eca16-6164-4f3b-bbd1-628974ecd6c0",
    "title": "",
    "fullFile": "",
    "file": "",
    "beforeHooks": [],
    "afterHooks": [],
    "tests": [
      {
        "title": "should add a driver",
        "fullTitle": "should add a driver",
        "timedOut": false,
        "duration": 873,
        "state": "passed",
        "speed": "slow",
        "pass": true,
        "fail": false,
        "pending": false,
        "code": "// post to /api/drivers\n(0, _supertest2.default)(_index.app).post('/api/drivers').set('Authorization', 'BEARER eyJhbGciOiJIUzI1NiJ9.c2hhbmU.frZpcXx9xrTuE01f8NfZ57-GV6vnbTlP8QnSA_HTQBQ').send({ dname: 'Tyler Dillon', team: 'Chevrolet', aka: 'Ty', carNumber: 13 }).expect('Content-type', /json/).expect(201).end(function (err, res) {\n  res.status.should.equal(201);\n  res.body.should.have.property('_id');\n  res.body.dname.should.equal('Tyler Dillon');\n  done();\n});",
        "err": {},
        "isRoot": true,
        "uuid": "42536b20-471b-4361-b40e-181b051611ca",
        "isHook": false,
        "skipped": false
      },
      {
        "title": "should update a driver",
        "fullTitle": "should update a driver",
        "timedOut": false,
        "duration": 214,
        "state": "passed",
        "speed": "slow",
        "pass": true,
        "fail": false,
        "pending": false,
        "code": "var superserver = (0, _supertest2.default)(_index.app);\nsuperserver.get('/api/drivers').set('Authorization', 'BEARER eyJhbGciOiJIUzI1NiJ9.c2hhbmU.frZpcXx9xrTuE01f8NfZ57-GV6vnbTlP8QnSA_HTQBQ').expect('Content-type', /json/).expect(200).end(function (err, res) {\n  var id = res.body[0]._id;\n  superserver.put('/api/drivers/' + id).send({ carNumber: 22 }).expect('Content-type', /json/).expect(201).end(function (err, res) {\n    res.status.should.equal(201);\n    res.body.carNumber.should.equal(22);\n    done();\n  });\n});",
        "err": {},
        "isRoot": true,
        "uuid": "511a22e6-d614-489d-ae19-25818f2ea5b1",
        "isHook": false,
        "skipped": false
      },
      {
        "title": "should delete a driver",
        "fullTitle": "should delete a driver",
        "timedOut": false,
        "duration": 23,
        "state": "passed",
        "speed": "fast",
        "pass": true,
        "fail": false,
        "pending": false,
        "code": "var superserver = (0, _supertest2.default)(_index.app);\nsuperserver.get('/api/drivers').set('Authorization', 'BEARER eyJhbGciOiJIUzI1NiJ9.c2hhbmU.frZpcXx9xrTuE01f8NfZ57-GV6vnbTlP8QnSA_HTQBQ').expect('Content-type', /json/).expect(200).end(function (err, res) {\n  var id = res.body[0]._id;\n  superserver.delete('/api/drivers/' + id).expect('Content-type', /json/).expect(200).end(function (err, res) {\n    res.status.should.equal(204);\n    done();\n  });\n});",
        "err": {},
        "isRoot": true,
        "uuid": "9eb1b48e-0b73-4aaf-afed-c6282175ab12",
        "isHook": false,
        "skipped": false
      }
    ],
    "suites": [
      {
        "uuid": "93788cac-9d03-4471-a0c5-14b57bfa2530",
        "title": "Drivers API unit test",
        "fullFile": "/home/paul/Desktop/WebServicesProject/test/testDriversAPI.js",
        "file": "/test/testDriversAPI.js",
        "beforeHooks": [],
        "afterHooks": [],
        "tests": [
          {
            "title": "should return collection of JSON documents",
            "fullTitle": "Drivers API unit test should return collection of JSON documents",
            "timedOut": false,
            "duration": 7,
            "state": "passed",
            "speed": "fast",
            "pass": true,
            "fail": false,
            "pending": false,
            "code": "(0, _supertest2.default)(_index.app).get('/api/drivers').set('Authorization', 'BEARER eyJhbGciOiJIUzI1NiJ9.c2hhbmU.frZpcXx9xrTuE01f8NfZ57-GV6vnbTlP8QnSA_HTQBQ').expect('Content-type', /json/).expect(200).end(function (err, res) {\n  res.status.should.equal(200);\n  done();\n});",
            "err": {},
            "isRoot": false,
            "uuid": "40115945-9310-4365-9999-2d320af712d9",
            "isHook": false,
            "skipped": false
          }
        ],
        "suites": [],
        "passes": [
          "40115945-9310-4365-9999-2d320af712d9"
        ],
        "failures": [],
        "pending": [],
        "skipped": [],
        "duration": 7,
        "root": false,
        "rootEmpty": false,
        "_timeout": 120000
      },
      {
        "uuid": "3267a3f3-e29b-42df-a75f-d482eb1c2745",
        "title": "Users API unit test",
        "fullFile": "/home/paul/Desktop/WebServicesProject/test/testUsersAPI.js",
        "file": "/test/testUsersAPI.js",
        "beforeHooks": [],
        "afterHooks": [],
        "tests": [
          {
            "title": "should return collection of JSON documents",
            "fullTitle": "Users API unit test should return collection of JSON documents",
            "timedOut": false,
            "duration": 7,
            "state": "passed",
            "speed": "fast",
            "pass": true,
            "fail": false,
            "pending": false,
            "code": "// calling home page api\n(0, _supertest2.default)(_index.app).get('/api/users').expect('Content-type', /json/).expect(200) // This is the HTTP response\n.end(function (err, res) {\n  // HTTP status should be 200\n  res.status.should.equal(200);\n  done();\n});",
            "err": {},
            "isRoot": false,
            "uuid": "92225ffc-de4e-41a9-9b00-2f2ad6c98e85",
            "isHook": false,
            "skipped": false
          },
          {
            "title": "should register a user",
            "fullTitle": "Users API unit test should register a user",
            "timedOut": false,
            "duration": 223,
            "state": "passed",
            "speed": "slow",
            "pass": true,
            "fail": false,
            "pending": false,
            "code": "// post to /api/contacts\n(0, _supertest2.default)(_index.app).post('/api/users').query({ action: 'register' }).send({ username: 'Contact 99', password: 'test1' }).expect('Content-type', /json/).expect(201).end(function (err, res) {\n  res.status.should.equal(201);\n  res.body.success.should.equal(true);\n  done();\n});",
            "err": {},
            "isRoot": false,
            "uuid": "623088f4-35e2-49e5-8b26-8f80fbe70812",
            "isHook": false,
            "skipped": false
          },
          {
            "title": "should authenticate a user",
            "fullTitle": "Users API unit test should authenticate a user",
            "timedOut": false,
            "duration": 219,
            "state": "passed",
            "speed": "slow",
            "pass": true,
            "fail": false,
            "pending": false,
            "code": "// post to /api/contacts\n(0, _supertest2.default)(_index.app).post('/api/users').send({ username: 'shane', password: 'panda' }).expect('Content-type', /json/).expect(201).end(function (err, res) {\n  res.status.should.equal(200);\n  res.body.token.substring(0, 3).should.equal('JWT');\n  done();\n});",
            "err": {},
            "isRoot": false,
            "uuid": "718022f9-3288-42f8-a956-ea2243593c1f",
            "isHook": false,
            "skipped": false
          }
        ],
        "suites": [],
        "passes": [
          "92225ffc-de4e-41a9-9b00-2f2ad6c98e85",
          "623088f4-35e2-49e5-8b26-8f80fbe70812",
          "718022f9-3288-42f8-a956-ea2243593c1f"
        ],
        "failures": [],
        "pending": [],
        "skipped": [],
        "duration": 449,
        "root": false,
        "rootEmpty": false,
        "_timeout": 120000
      }
    ],
    "passes": [
      "42536b20-471b-4361-b40e-181b051611ca",
      "511a22e6-d614-489d-ae19-25818f2ea5b1",
      "9eb1b48e-0b73-4aaf-afed-c6282175ab12"
    ],
    "failures": [],
    "pending": [],
    "skipped": [],
    "duration": 1110,
    "root": true,
    "rootEmpty": false,
    "_timeout": 2000
  },
  "copyrightYear": 2018
}